<?xml version="1.0" encoding="UTF-8"?>
<!-- Generated by org.testng.reporters.JUnitXMLReporter -->
<testsuite ignored="0" hostname="DESKTOP-CQ5Q84P" failures="0" tests="4" name="FTest" time="0.051" errors="0" timestamp="2024-06-23T22:30:36 IST">
  <testcase classname="testcases.TC_004_billingaddrees" name="bill" time="0.0">
    <skipped/>
  </testcase> <!-- bill -->
  <testcase classname="testcases.TC_003_additemtocart" name="cart" time="0.0">
    <skipped/>
  </testcase> <!-- cart -->
  <testcase classname="testcases.TC_001_accountcreation" name="verifyfirstname" time="0.0">
    <skipped/>
  </testcase> <!-- verifyfirstname -->
  <testcase classname="testcases.TC_002_sigin" name="sigging" time="0.0">
    <skipped/>
  </testcase> <!-- sigging -->
</testsuite> <!-- FTest -->
